<?xml version="1.0" encoding="UTF-8" ?>
<testsuite tests="3" failures="0" name="pt.ieeta.anonymouspatientdata.core.impl.QueryConverterTest" time="0.41" errors="0" skipped="0">
  <properties>
[...]
</properties>
  <testcase classname="pt.ieeta.anonymouspatientdata.core.impl.QueryConverterTest" name="test" time="0.406"/>
  <testcase classname="pt.ieeta.anonymouspatientdata.core.impl.QueryConverterTest" name="test2" time="0.002"/>
  <testcase classname="pt.ieeta.anonymouspatientdata.core.impl.QueryConverterTest" name="test3" time="0.002"/>
</testsuite>